生成启动时间为 2019/7/26 15:45:06。
     1>项目“E:\新建文件夹\栈\栈\栈.vcxproj”在节点 2 上(build 个目标)。
     1>PrepareForBuild:
         正在创建目录“E:\新建文件夹\栈\Debug\”。
       InitializeBuildStatus:
         正在创建“Debug\栈.unsuccessfulbuild”，因为已指定“AlwaysCreate”。
       ClCompile:
         D:\Program Files (x86)\Microsoft Visual Studio 10.0\VC\bin\CL.exe /c /ZI /nologo /W3 /WX- /Od /Oy- /D _UNICODE /D UNICODE /Gm /EHsc /RTC1 /MDd /GS /fp:precise /Zc:wchar_t /Zc:forScope /Fo"Debug\\" /Fd"Debug\vc100.pdb" /Gd /TP /analyze- /errorReport:prompt "栈.cpp"
         栈.cpp
     1>e:\新建文件夹\栈\栈\栈.cpp(14): error C2143: 语法错误 : 缺少“;”(在“}”的前面)
     1>e:\新建文件夹\栈\栈\栈.cpp(23): error C3861: “assert”: 找不到标识符
     1>e:\新建文件夹\栈\栈\栈.cpp(25): error C2562: “StackPop”:“void”函数返回值
                 e:\新建文件夹\栈\栈\栈.cpp(21) : 参见“StackPop”的声明
     1>已完成生成项目“E:\新建文件夹\栈\栈\栈.vcxproj”(build 个目标)的操作 - 失败。

生成失败。

已用时间 00:00:01.19
